# JRE version: OpenJDK Runtime Environment Temurin-17.0.4.1+1 (17.0.4.1+1) (build 17.0.4.1+1)
# Java VM: OpenJDK 64-Bit Server VM Temurin-17.0.4.1+1 (17.0.4.1+1, mixed mode, emulated-client, tiered, compressed oops, compressed class ptrs, g1 gc, linux-amd64)
GC Precious Log:
 CPUs: 2 total, 2 available
 Memory: 3802M
 Large Page Support: Disabled
 NUMA Support: Disabled
 Compressed Oops: Enabled (32-bit)
 Heap Region Size: 1M
 Heap Min Capacity: 8M
 Heap Initial Capacity: 60M
 Heap Max Capacity: 952M
 Pre-touch: Disabled
 Parallel Workers: 2
 Concurrent Workers: 1
 Concurrent Refinement Workers: 2
 Periodic GC: Disabled
Heap:
 garbage-first heap   total 111616K, used 64075K [0x00000000c4800000, 0x0000000100000000)
  region size 1024K, 42 young (43008K), 1 survivors (1024K)
 Metaspace       used 66234K, committed 66688K, reserved 1114112K
  class space    used 8998K, committed 9216K, reserved 1048576K
GC Heap History (20 events):
Event: 14,159 GC heap before
{Heap before GC invocations=10 (full 0):
 garbage-first heap   total 40960K, used 28721K [0x00000000c4800000, 0x0000000100000000)
  region size 1024K, 20 young (20480K), 2 survivors (2048K)
 Metaspace       used 29923K, committed 30208K, reserved 1081344K
  class space    used 3728K, committed 3840K, reserved 1048576K
}
Event: 14,196 GC heap after
{Heap after GC invocations=11 (full 0):
 garbage-first heap   total 40960K, used 12417K [0x00000000c4800000, 0x0000000100000000)
  region size 1024K, 3 young (3072K), 3 survivors (3072K)
 Metaspace       used 29923K, committed 30208K, reserved 1081344K
  class space    used 3728K, committed 3840K, reserved 1048576K
}
Event: 16,566 GC heap before
{Heap before GC invocations=11 (full 0):
 garbage-first heap   total 40960K, used 29825K [0x00000000c4800000, 0x0000000100000000)
  region size 1024K, 20 young (20480K), 3 survivors (3072K)
 Metaspace       used 32921K, committed 33216K, reserved 1081344K
  class space    used 4227K, committed 4352K, reserved 1048576K
}
Event: 16,635 GC heap after
{Heap after GC invocations=12 (full 0):
 garbage-first heap   total 40960K, used 14247K [0x00000000c4800000, 0x0000000100000000)
  region size 1024K, 3 young (3072K), 3 survivors (3072K)
 Metaspace       used 32921K, committed 33216K, reserved 1081344K
  class space    used 4227K, committed 4352K, reserved 1048576K
}
Event: 19,808 GC heap before
{Heap before GC invocations=12 (full 0):
 garbage-first heap   total 40960K, used 29607K [0x00000000c4800000, 0x0000000100000000)
  region size 1024K, 19 young (19456K), 3 survivors (3072K)
 Metaspace       used 35647K, committed 36032K, reserved 1081344K
  class space    used 4532K, committed 4672K, reserved 1048576K
}
Event: 19,875 GC heap after
{Heap after GC invocations=13 (full 0):
 garbage-first heap   total 55296K, used 15953K [0x00000000c4800000, 0x0000000100000000)
  region size 1024K, 2 young (2048K), 2 survivors (2048K)
 Metaspace       used 35647K, committed 36032K, reserved 1081344K
  class space    used 4532K, committed 4672K, reserved 1048576K
}
Event: 22,589 GC heap before
{Heap before GC invocations=13 (full 0):
 garbage-first heap   total 55296K, used 39505K [0x00000000c4800000, 0x0000000100000000)
  region size 1024K, 26 young (26624K), 2 survivors (2048K)
 Metaspace       used 41701K, committed 42048K, reserved 1089536K
  class space    used 5272K, committed 5440K, reserved 1048576K
}
Event: 22,613 GC heap after
{Heap after GC invocations=14 (full 0):
 garbage-first heap   total 55296K, used 17767K [0x00000000c4800000, 0x0000000100000000)
  region size 1024K, 4 young (4096K), 4 survivors (4096K)
 Metaspace       used 41701K, committed 42048K, reserved 1089536K
  class space    used 5272K, committed 5440K, reserved 1048576K
}
Event: 23,700 GC heap before
{Heap before GC invocations=14 (full 0):
 garbage-first heap   total 55296K, used 31079K [0x00000000c4800000, 0x0000000100000000)
  region size 1024K, 19 young (19456K), 4 survivors (4096K)
 Metaspace       used 45850K, committed 46208K, reserved 1089536K
  class space    used 5955K, committed 6144K, reserved 1048576K
}
Event: 23,757 GC heap after
{Heap after GC invocations=15 (full 0):
 garbage-first heap   total 55296K, used 18706K [0x00000000c4800000, 0x0000000100000000)
  region size 1024K, 3 young (3072K), 3 survivors (3072K)
 Metaspace       used 45850K, committed 46208K, reserved 1089536K
  class space    used 5955K, committed 6144K, reserved 1048576K
}
Event: 25,410 GC heap before
{Heap before GC invocations=16 (full 0):
 garbage-first heap   total 55296K, used 41234K [0x00000000c4800000, 0x0000000100000000)
  region size 1024K, 26 young (26624K), 3 survivors (3072K)
 Metaspace       used 52384K, committed 52736K, reserved 1097728K
  class space    used 7044K, committed 7232K, reserved 1048576K
}
Event: 25,432 GC heap after
{Heap after GC invocations=17 (full 0):
 garbage-first heap   total 55296K, used 20093K [0x00000000c4800000, 0x0000000100000000)
  region size 1024K, 3 young (3072K), 3 survivors (3072K)
 Metaspace       used 52384K, committed 52736K, reserved 1097728K
  class space    used 7044K, committed 7232K, reserved 1048576K
}
Event: 25,488 GC heap before
{Heap before GC invocations=17 (full 0):
 garbage-first heap   total 55296K, used 21117K [0x00000000c4800000, 0x0000000100000000)
  region size 1024K, 4 young (4096K), 3 survivors (3072K)
 Metaspace       used 52601K, committed 52928K, reserved 1097728K
  class space    used 7085K, committed 7232K, reserved 1048576K
}
Event: 25,534 GC heap after
{Heap after GC invocations=18 (full 0):
 garbage-first heap   total 55296K, used 19987K [0x00000000c4800000, 0x0000000100000000)
  region size 1024K, 1 young (1024K), 1 survivors (1024K)
 Metaspace       used 52601K, committed 52928K, reserved 1097728K
  class space    used 7085K, committed 7232K, reserved 1048576K
}
Event: 27,239 GC heap before
{Heap before GC invocations=18 (full 0):
 garbage-first heap   total 55296K, used 42515K [0x00000000c4800000, 0x0000000100000000)
  region size 1024K, 23 young (23552K), 1 survivors (1024K)
 Metaspace       used 57054K, committed 57408K, reserved 1105920K
  class space    used 7737K, committed 7872K, reserved 1048576K
}
Event: 27,265 GC heap after
{Heap after GC invocations=19 (full 0):
 garbage-first heap   total 55296K, used 21275K [0x00000000c4800000, 0x0000000100000000)
  region size 1024K, 2 young (2048K), 2 survivors (2048K)
 Metaspace       used 57054K, committed 57408K, reserved 1105920K
  class space    used 7737K, committed 7872K, reserved 1048576K
}
Event: 28,440 GC heap before
{Heap before GC invocations=20 (full 0):
 garbage-first heap   total 55296K, used 42779K [0x00000000c4800000, 0x0000000100000000)
  region size 1024K, 23 young (23552K), 2 survivors (2048K)
 Metaspace       used 59286K, committed 59712K, reserved 1105920K
  class space    used 8123K, committed 8320K, reserved 1048576K
}
Event: 28,461 GC heap after
{Heap after GC invocations=21 (full 0):
 garbage-first heap   total 55296K, used 23078K [0x00000000c4800000, 0x0000000100000000)
  region size 1024K, 2 young (2048K), 2 survivors (2048K)
 Metaspace       used 59286K, committed 59712K, reserved 1105920K
  class space    used 8123K, committed 8320K, reserved 1048576K
}
Event: 28,487 GC heap before
{Heap before GC invocations=21 (full 0):
 garbage-first heap   total 55296K, used 24102K [0x00000000c4800000, 0x0000000100000000)
  region size 1024K, 3 young (3072K), 2 survivors (2048K)
 Metaspace       used 59288K, committed 59712K, reserved 1105920K
  class space    used 8124K, committed 8320K, reserved 1048576K
}
Event: 28,512 GC heap after
{Heap after GC invocations=22 (full 0):
 garbage-first heap   total 111616K, used 23115K [0x00000000c4800000, 0x0000000100000000)
  region size 1024K, 1 young (1024K), 1 survivors (1024K)
 Metaspace       used 59288K, committed 59712K, reserved 1105920K
  class space    used 8124K, committed 8320K, reserved 1048576K
}

