# JRE version: OpenJDK Runtime Environment Temurin-17.0.4.1+1 (17.0.4.1+1) (build 17.0.4.1+1)
# Java VM: OpenJDK 64-Bit Server VM Temurin-17.0.4.1+1 (17.0.4.1+1, mixed mode, emulated-client, tiered, compressed oops, compressed class ptrs, g1 gc, linux-amd64)
GC Precious Log:
 CPUs: 2 total, 2 available
 Memory: 3802M
 Large Page Support: Disabled
 NUMA Support: Disabled
 Compressed Oops: Enabled (32-bit)
 Heap Region Size: 1M
 Heap Min Capacity: 8M
 Heap Initial Capacity: 60M
 Heap Max Capacity: 952M
 Pre-touch: Disabled
 Parallel Workers: 2
 Concurrent Workers: 1
 Concurrent Refinement Workers: 2
 Periodic GC: Disabled
Heap:
 garbage-first heap   total 57344K, used 29278K [0x00000000c4800000, 0x0000000100000000)
  region size 1024K, 7 young (7168K), 2 survivors (2048K)
 Metaspace       used 66116K, committed 66560K, reserved 1114112K
  class space    used 8948K, committed 9152K, reserved 1048576K
GC Heap History (20 events):
Event: 20,753 GC heap before
{Heap before GC invocations=9 (full 0):
 garbage-first heap   total 47104K, used 33753K [0x00000000c4800000, 0x0000000100000000)
  region size 1024K, 24 young (24576K), 3 survivors (3072K)
 Metaspace       used 33723K, committed 34048K, reserved 1081344K
  class space    used 4316K, committed 4480K, reserved 1048576K
}
Event: 20,808 GC heap after
{Heap after GC invocations=10 (full 0):
 garbage-first heap   total 47104K, used 14585K [0x00000000c4800000, 0x0000000100000000)
  region size 1024K, 3 young (3072K), 3 survivors (3072K)
 Metaspace       used 33723K, committed 34048K, reserved 1081344K
  class space    used 4316K, committed 4480K, reserved 1048576K
}
Event: 23,399 GC heap before
{Heap before GC invocations=10 (full 0):
 garbage-first heap   total 47104K, used 28921K [0x00000000c4800000, 0x0000000100000000)
  region size 1024K, 18 young (18432K), 3 survivors (3072K)
 Metaspace       used 35961K, committed 36288K, reserved 1081344K
  class space    used 4563K, committed 4736K, reserved 1048576K
}
Event: 23,434 GC heap after
{Heap after GC invocations=11 (full 0):
 garbage-first heap   total 47104K, used 16047K [0x00000000c4800000, 0x0000000100000000)
  region size 1024K, 2 young (2048K), 2 survivors (2048K)
 Metaspace       used 35961K, committed 36288K, reserved 1081344K
  class space    used 4563K, committed 4736K, reserved 1048576K
}
Event: 25,710 GC heap before
{Heap before GC invocations=12 (full 0):
 garbage-first heap   total 47104K, used 34479K [0x00000000c4800000, 0x0000000100000000)
  region size 1024K, 20 young (20480K), 2 survivors (2048K)
 Metaspace       used 40843K, committed 41216K, reserved 1089536K
  class space    used 5134K, committed 5312K, reserved 1048576K
}
Event: 25,742 GC heap after
{Heap after GC invocations=13 (full 0):
 garbage-first heap   total 47104K, used 17356K [0x00000000c4800000, 0x0000000100000000)
  region size 1024K, 3 young (3072K), 3 survivors (3072K)
 Metaspace       used 40843K, committed 41216K, reserved 1089536K
  class space    used 5134K, committed 5312K, reserved 1048576K
}
Event: 25,920 GC heap before
{Heap before GC invocations=13 (full 0):
 garbage-first heap   total 47104K, used 18380K [0x00000000c4800000, 0x0000000100000000)
  region size 1024K, 4 young (4096K), 3 survivors (3072K)
 Metaspace       used 41169K, committed 41536K, reserved 1089536K
  class space    used 5177K, committed 5376K, reserved 1048576K
}
Event: 25,991 GC heap after
{Heap after GC invocations=14 (full 0):
 garbage-first heap   total 57344K, used 17687K [0x00000000c4800000, 0x0000000100000000)
  region size 1024K, 1 young (1024K), 1 survivors (1024K)
 Metaspace       used 41169K, committed 41536K, reserved 1089536K
  class space    used 5177K, committed 5376K, reserved 1048576K
}
Event: 30,257 GC heap before
{Heap before GC invocations=14 (full 0):
 garbage-first heap   total 57344K, used 41239K [0x00000000c4800000, 0x0000000100000000)
  region size 1024K, 25 young (25600K), 1 survivors (1024K)
 Metaspace       used 47715K, committed 48064K, reserved 1097728K
  class space    used 6324K, committed 6464K, reserved 1048576K
}
Event: 30,268 GC heap after
{Heap after GC invocations=15 (full 0):
 garbage-first heap   total 57344K, used 18568K [0x00000000c4800000, 0x0000000100000000)
  region size 1024K, 2 young (2048K), 2 survivors (2048K)
 Metaspace       used 47715K, committed 48064K, reserved 1097728K
  class space    used 6324K, committed 6464K, reserved 1048576K
}
Event: 34,896 GC heap before
{Heap before GC invocations=16 (full 0):
 garbage-first heap   total 57344K, used 42120K [0x00000000c4800000, 0x0000000100000000)
  region size 1024K, 26 young (26624K), 2 survivors (2048K)
 Metaspace       used 54201K, committed 54656K, reserved 1097728K
  class space    used 7354K, committed 7552K, reserved 1048576K
}
Event: 34,916 GC heap after
{Heap after GC invocations=17 (full 0):
 garbage-first heap   total 57344K, used 19661K [0x00000000c4800000, 0x0000000100000000)
  region size 1024K, 3 young (3072K), 3 survivors (3072K)
 Metaspace       used 54201K, committed 54656K, reserved 1097728K
  class space    used 7354K, committed 7552K, reserved 1048576K
}
Event: 35,019 GC heap before
{Heap before GC invocations=17 (full 0):
 garbage-first heap   total 57344K, used 19661K [0x00000000c4800000, 0x0000000100000000)
  region size 1024K, 4 young (4096K), 3 survivors (3072K)
 Metaspace       used 54451K, committed 54912K, reserved 1097728K
  class space    used 7395K, committed 7616K, reserved 1048576K
}
Event: 35,069 GC heap after
{Heap after GC invocations=18 (full 0):
 garbage-first heap   total 57344K, used 19858K [0x00000000c4800000, 0x0000000100000000)
  region size 1024K, 1 young (1024K), 1 survivors (1024K)
 Metaspace       used 54451K, committed 54912K, reserved 1097728K
  class space    used 7395K, committed 7616K, reserved 1048576K
}
Event: 40,234 GC heap before
{Heap before GC invocations=18 (full 0):
 garbage-first heap   total 57344K, used 42386K [0x00000000c4800000, 0x0000000100000000)
  region size 1024K, 24 young (24576K), 1 survivors (1024K)
 Metaspace       used 57624K, committed 58048K, reserved 1105920K
  class space    used 7848K, committed 8064K, reserved 1048576K
}
Event: 40,281 GC heap after
{Heap after GC invocations=19 (full 0):
 garbage-first heap   total 57344K, used 21295K [0x00000000c4800000, 0x0000000100000000)
  region size 1024K, 2 young (2048K), 2 survivors (2048K)
 Metaspace       used 57624K, committed 58048K, reserved 1105920K
  class space    used 7848K, committed 8064K, reserved 1048576K
}
Event: 46,374 GC heap before
{Heap before GC invocations=19 (full 0):
 garbage-first heap   total 57344K, used 43823K [0x00000000c4800000, 0x0000000100000000)
  region size 1024K, 24 young (24576K), 2 survivors (2048K)
 Metaspace       used 60461K, committed 60864K, reserved 1105920K
  class space    used 8264K, committed 8448K, reserved 1048576K
}
Event: 46,408 GC heap after
{Heap after GC invocations=20 (full 0):
 garbage-first heap   total 57344K, used 23304K [0x00000000c4800000, 0x0000000100000000)
  region size 1024K, 2 young (2048K), 2 survivors (2048K)
 Metaspace       used 60461K, committed 60864K, reserved 1105920K
  class space    used 8264K, committed 8448K, reserved 1048576K
}
Event: 83,029 GC heap before
{Heap before GC invocations=20 (full 0):
 garbage-first heap   total 57344K, used 43784K [0x00000000c4800000, 0x0000000100000000)
  region size 1024K, 23 young (23552K), 2 survivors (2048K)
 Metaspace       used 65133K, committed 65664K, reserved 1105920K
  class space    used 8830K, committed 9088K, reserved 1048576K
}
Event: 83,065 GC heap after
{Heap after GC invocations=21 (full 0):
 garbage-first heap   total 57344K, used 25182K [0x00000000c4800000, 0x0000000100000000)
  region size 1024K, 2 young (2048K), 2 survivors (2048K)
 Metaspace       used 65133K, committed 65664K, reserved 1105920K
  class space    used 8830K, committed 9088K, reserved 1048576K
}

